{"/Users/bobbysebolao/Documents/founders-and-coders/week-two/team-project/sparks-todo/test.js":{"path":"/Users/bobbysebolao/Documents/founders-and-coders/week-two/team-project/sparks-todo/test.js","s":{"1":1,"2":1,"3":1,"4":1,"5":1,"6":1,"7":1,"8":1,"9":1,"10":1,"11":1,"12":1,"13":1,"14":1,"15":1,"16":1,"17":1,"18":1,"19":1,"20":1,"21":1,"22":1,"23":1,"24":1,"25":1,"26":1,"27":1,"28":1,"29":1,"30":1,"31":1,"32":1,"33":1,"34":1,"35":1,"36":1,"37":1,"38":1,"39":1,"40":1,"41":1,"42":1,"43":1,"44":1,"45":1,"46":1,"47":1,"48":1,"49":1,"50":1,"51":1,"52":1,"53":1,"54":1,"55":1,"56":1,"57":1,"58":1,"59":1,"60":1,"61":1,"62":1,"63":1,"64":1},"b":{},"f":{"1":1,"2":1,"3":1,"4":1,"5":1},"fnMap":{"1":{"name":"(anonymous_1)","line":28,"loc":{"start":{"line":28,"column":16},"end":{"line":28,"column":29}}},"2":{"name":"(anonymous_2)","line":33,"loc":{"start":{"line":33,"column":21},"end":{"line":33,"column":34}}},"3":{"name":"(anonymous_3)","line":41,"loc":{"start":{"line":41,"column":21},"end":{"line":41,"column":34}}},"4":{"name":"(anonymous_4)","line":49,"loc":{"start":{"line":49,"column":21},"end":{"line":49,"column":34}}},"5":{"name":"(anonymous_5)","line":57,"loc":{"start":{"line":57,"column":21},"end":{"line":57,"column":34}}}},"statementMap":{"1":{"start":{"line":1,"column":0},"end":{"line":1,"column":27}},"2":{"start":{"line":2,"column":0},"end":{"line":2,"column":31}},"3":{"start":{"line":4,"column":0},"end":{"line":19,"column":2}},"4":{"start":{"line":21,"column":0},"end":{"line":25,"column":3}},"5":{"start":{"line":28,"column":0},"end":{"line":31,"column":3}},"6":{"start":{"line":29,"column":2},"end":{"line":29,"column":11}},"7":{"start":{"line":30,"column":2},"end":{"line":30,"column":10}},"8":{"start":{"line":33,"column":0},"end":{"line":39,"column":2}},"9":{"start":{"line":34,"column":2},"end":{"line":34,"column":59}},"10":{"start":{"line":35,"column":2},"end":{"line":35,"column":42}},"11":{"start":{"line":36,"column":2},"end":{"line":36,"column":24}},"12":{"start":{"line":37,"column":2},"end":{"line":37,"column":61}},"13":{"start":{"line":38,"column":2},"end":{"line":38,"column":10}},"14":{"start":{"line":41,"column":0},"end":{"line":47,"column":2}},"15":{"start":{"line":42,"column":2},"end":{"line":42,"column":30}},"16":{"start":{"line":43,"column":2},"end":{"line":43,"column":40}},"17":{"start":{"line":44,"column":2},"end":{"line":44,"column":40}},"18":{"start":{"line":45,"column":2},"end":{"line":45,"column":65}},"19":{"start":{"line":46,"column":2},"end":{"line":46,"column":10}},"20":{"start":{"line":49,"column":0},"end":{"line":55,"column":3}},"21":{"start":{"line":50,"column":2},"end":{"line":50,"column":59}},"22":{"start":{"line":51,"column":2},"end":{"line":51,"column":61}},"23":{"start":{"line":52,"column":2},"end":{"line":52,"column":29}},"24":{"start":{"line":53,"column":2},"end":{"line":53,"column":59}},"25":{"start":{"line":54,"column":2},"end":{"line":54,"column":10}},"26":{"start":{"line":57,"column":0},"end":{"line":63,"column":3}},"27":{"start":{"line":58,"column":2},"end":{"line":58,"column":59}},"28":{"start":{"line":59,"column":2},"end":{"line":59,"column":54}},"29":{"start":{"line":60,"column":2},"end":{"line":60,"column":25}},"30":{"start":{"line":61,"column":2},"end":{"line":61,"column":55}},"31":{"start":{"line":62,"column":2},"end":{"line":62,"column":10}},"32":{"start":{"line":65,"column":0},"end":{"line":71,"column":3}},"33":{"start":{"line":66,"column":2},"end":{"line":66,"column":54}},"34":{"start":{"line":67,"column":2},"end":{"line":67,"column":34}},"35":{"start":{"line":68,"column":2},"end":{"line":68,"column":21}},"36":{"start":{"line":69,"column":2},"end":{"line":69,"column":57}},"37":{"start":{"line":70,"column":2},"end":{"line":70,"column":10}},"38":{"start":{"line":74,"column":0},"end":{"line":80,"column":3}},"39":{"start":{"line":75,"column":2},"end":{"line":75,"column":54}},"40":{"start":{"line":76,"column":2},"end":{"line":76,"column":56}},"41":{"start":{"line":77,"column":2},"end":{"line":77,"column":25}},"42":{"start":{"line":78,"column":2},"end":{"line":78,"column":65}},"43":{"start":{"line":79,"column":2},"end":{"line":79,"column":10}},"44":{"start":{"line":85,"column":0},"end":{"line":92,"column":3}},"45":{"start":{"line":86,"column":2},"end":{"line":86,"column":52}},"46":{"start":{"line":87,"column":2},"end":{"line":87,"column":34}},"47":{"start":{"line":88,"column":2},"end":{"line":88,"column":25}},"48":{"start":{"line":89,"column":2},"end":{"line":89,"column":24}},"49":{"start":{"line":90,"column":2},"end":{"line":90,"column":58}},"50":{"start":{"line":91,"column":2},"end":{"line":91,"column":10}},"51":{"start":{"line":94,"column":0},"end":{"line":101,"column":3}},"52":{"start":{"line":95,"column":2},"end":{"line":95,"column":52}},"53":{"start":{"line":96,"column":2},"end":{"line":96,"column":34}},"54":{"start":{"line":97,"column":2},"end":{"line":97,"column":25}},"55":{"start":{"line":98,"column":2},"end":{"line":98,"column":25}},"56":{"start":{"line":99,"column":2},"end":{"line":99,"column":59}},"57":{"start":{"line":100,"column":2},"end":{"line":100,"column":10}},"58":{"start":{"line":103,"column":0},"end":{"line":110,"column":3}},"59":{"start":{"line":104,"column":2},"end":{"line":104,"column":52}},"60":{"start":{"line":105,"column":2},"end":{"line":105,"column":34}},"61":{"start":{"line":106,"column":2},"end":{"line":106,"column":25}},"62":{"start":{"line":107,"column":2},"end":{"line":107,"column":25}},"63":{"start":{"line":108,"column":2},"end":{"line":108,"column":72}},"64":{"start":{"line":109,"column":2},"end":{"line":109,"column":10}}},"branchMap":{}},"/Users/bobbysebolao/Documents/founders-and-coders/week-two/team-project/sparks-todo/logic.js":{"path":"/Users/bobbysebolao/Documents/founders-and-coders/week-two/team-project/sparks-todo/logic.js","s":{"1":1,"2":1,"3":1,"4":4,"5":1,"6":9,"7":27,"8":4,"9":4,"10":2,"11":6,"12":3,"13":9,"14":3,"15":3,"16":3,"17":6,"18":1,"19":1},"b":{"1":[3,6],"2":[1,0]},"f":{"1":1,"2":4,"3":9,"4":27,"5":4,"6":2,"7":6,"8":3,"9":9,"10":0},"fnMap":{"1":{"name":"(anonymous_1)","line":8,"loc":{"start":{"line":8,"column":17},"end":{"line":8,"column":29}}},"2":{"name":"incrementCounter","line":11,"loc":{"start":{"line":11,"column":8},"end":{"line":11,"column":36}}},"3":{"name":"(anonymous_3)","line":20,"loc":{"start":{"line":20,"column":25},"end":{"line":20,"column":42}}},"4":{"name":"(anonymous_4)","line":21,"loc":{"start":{"line":21,"column":25},"end":{"line":21,"column":41}}},"5":{"name":"(anonymous_5)","line":26,"loc":{"start":{"line":26,"column":13},"end":{"line":26,"column":39}}},"6":{"name":"(anonymous_6)","line":41,"loc":{"start":{"line":41,"column":16},"end":{"line":41,"column":45}}},"7":{"name":"(anonymous_7)","line":42,"loc":{"start":{"line":42,"column":63},"end":{"line":42,"column":79}}},"8":{"name":"(anonymous_8)","line":49,"loc":{"start":{"line":49,"column":14},"end":{"line":49,"column":41}}},"9":{"name":"(anonymous_9)","line":50,"loc":{"start":{"line":50,"column":60},"end":{"line":50,"column":76}}},"10":{"name":"(anonymous_10)","line":66,"loc":{"start":{"line":66,"column":15},"end":{"line":66,"column":46}}}},"statementMap":{"1":{"start":{"line":5,"column":0},"end":{"line":72,"column":2}},"2":{"start":{"line":9,"column":8},"end":{"line":9,"column":26}},"3":{"start":{"line":11,"column":8},"end":{"line":13,"column":9}},"4":{"start":{"line":12,"column":12},"end":{"line":12,"column":36}},"5":{"start":{"line":15,"column":8},"end":{"line":15,"column":32}},"6":{"start":{"line":21,"column":8},"end":{"line":23,"column":11}},"7":{"start":{"line":22,"column":12},"end":{"line":22,"column":52}},"8":{"start":{"line":27,"column":8},"end":{"line":31,"column":10}},"9":{"start":{"line":35,"column":8},"end":{"line":35,"column":74}},"10":{"start":{"line":42,"column":8},"end":{"line":44,"column":11}},"11":{"start":{"line":43,"column":12},"end":{"line":43,"column":41}},"12":{"start":{"line":50,"column":8},"end":{"line":59,"column":11}},"13":{"start":{"line":51,"column":12},"end":{"line":58,"column":11}},"14":{"start":{"line":52,"column":16},"end":{"line":52,"column":47}},"15":{"start":{"line":53,"column":16},"end":{"line":53,"column":39}},"16":{"start":{"line":54,"column":16},"end":{"line":54,"column":28}},"17":{"start":{"line":57,"column":12},"end":{"line":57,"column":24}},"18":{"start":{"line":83,"column":0},"end":{"line":85,"column":1}},"19":{"start":{"line":84,"column":4},"end":{"line":84,"column":35}}},"branchMap":{"1":{"line":51,"type":"if","locations":[{"start":{"line":51,"column":12},"end":{"line":51,"column":12}},{"start":{"line":51,"column":12},"end":{"line":51,"column":12}}]},"2":{"line":83,"type":"if","locations":[{"start":{"line":83,"column":0},"end":{"line":83,"column":0}},{"start":{"line":83,"column":0},"end":{"line":83,"column":0}}]}}}}