TN:
SF:/Users/bobbysebolao/Documents/founders-and-coders/week-two/team-project/sparks-todo/test.js
FN:28,(anonymous_1)
FN:33,(anonymous_2)
FN:41,(anonymous_3)
FN:49,(anonymous_4)
FN:57,(anonymous_5)
FNF:5
FNH:5
FNDA:1,(anonymous_1)
FNDA:1,(anonymous_2)
FNDA:1,(anonymous_3)
FNDA:1,(anonymous_4)
FNDA:1,(anonymous_5)
DA:1,1
DA:2,1
DA:4,1
DA:21,1
DA:28,1
DA:29,1
DA:30,1
DA:33,1
DA:34,1
DA:35,1
DA:36,1
DA:37,1
DA:38,1
DA:41,1
DA:42,1
DA:43,1
DA:44,1
DA:45,1
DA:46,1
DA:49,1
DA:50,1
DA:51,1
DA:52,1
DA:53,1
DA:54,1
DA:57,1
DA:58,1
DA:59,1
DA:60,1
DA:61,1
DA:62,1
DA:65,1
DA:66,1
DA:67,1
DA:68,1
DA:69,1
DA:70,1
DA:74,1
DA:75,1
DA:76,1
DA:77,1
DA:78,1
DA:79,1
DA:85,1
DA:86,1
DA:87,1
DA:88,1
DA:89,1
DA:90,1
DA:91,1
DA:94,1
DA:95,1
DA:96,1
DA:97,1
DA:98,1
DA:99,1
DA:100,1
DA:103,1
DA:104,1
DA:105,1
DA:106,1
DA:107,1
DA:108,1
DA:109,1
LF:64
LH:64
BRF:0
BRH:0
end_of_record
TN:
SF:/Users/bobbysebolao/Documents/founders-and-coders/week-two/team-project/sparks-todo/logic.js
FN:8,(anonymous_1)
FN:11,incrementCounter
FN:20,(anonymous_3)
FN:21,(anonymous_4)
FN:26,(anonymous_5)
FN:41,(anonymous_6)
FN:42,(anonymous_7)
FN:49,(anonymous_8)
FN:50,(anonymous_9)
FN:66,(anonymous_10)
FNF:10
FNH:9
FNDA:1,(anonymous_1)
FNDA:4,incrementCounter
FNDA:9,(anonymous_3)
FNDA:27,(anonymous_4)
FNDA:4,(anonymous_5)
FNDA:2,(anonymous_6)
FNDA:6,(anonymous_7)
FNDA:3,(anonymous_8)
FNDA:9,(anonymous_9)
FNDA:0,(anonymous_10)
DA:5,1
DA:9,1
DA:11,1
DA:12,4
DA:15,1
DA:21,9
DA:22,27
DA:27,4
DA:35,4
DA:42,2
DA:43,6
DA:50,3
DA:51,9
DA:52,3
DA:53,3
DA:54,3
DA:57,6
DA:83,1
DA:84,1
LF:19
LH:19
BRDA:51,1,0,3
BRDA:51,1,1,6
BRDA:83,2,0,1
BRDA:83,2,1,0
BRF:4
BRH:3
end_of_record
